<?xml version="1.0" encoding="UTF-8"?>
<!-- Generated by org.testng.reporters.JUnitReportReporter -->
<testsuite skipped="0" hostname="DESKTOP-KKG1Q8F" name="com.api.Response_Code_Validation" tests="1" failures="0" timestamp="2021-12-01T22:27:32 IST" time="2.530" errors="0">
  <testcase name="data_Validation" time="2.530" classname="com.api.Response_Code_Validation"/>
  <system-out/>
</testsuite> <!-- com.api.Response_Code_Validation -->
