<?xml version="1.0" encoding="UTF-8"?>
<!-- Generated by org.testng.reporters.JUnitReportReporter -->
<testsuite skipped="1" hostname="DESKTOP-KKG1Q8F" name="com.testng.Ignore_Concept" tests="3" failures="0" timestamp="2021-11-30T10:05:58 PST" time="0.009" errors="0">
  <testcase name="dress" time="0.008" classname="com.testng.Ignore_Concept"/>
  <system-out/>
  <testcase name="tshirts" time="0.001" classname="com.testng.Ignore_Concept"/>
  <system-out/>
  <testcase name="children" classname="com.testng.Ignore_Concept">
    <skipped/>
  </testcase> <!-- children -->
  <system-out/>
</testsuite> <!-- com.testng.Ignore_Concept -->
