<?xml version="1.0" encoding="UTF-8"?>
<!-- Generated by org.testng.reporters.JUnitReportReporter -->
<testsuite skipped="0" hostname="DESKTOP-KKG1Q8F" name="com.Greenproject.TestRunner_Class" tests="5" failures="0" timestamp="2021-12-01T21:10:04 IST" time="105.165" errors="0">
  <testcase name="chrome_launch" time="14.484" classname="com.Greenproject.TestRunner_Class"/>
  <system-out/>
  <testcase name="Login" time="10.548" classname="com.Greenproject.TestRunner_Class"/>
  <system-out/>
  <testcase name="Select_Dress" time="22.335" classname="com.Greenproject.TestRunner_Class"/>
  <system-out/>
  <testcase name="Dress_Order" time="57.102" classname="com.Greenproject.TestRunner_Class"/>
  <system-out/>
  <testcase name="exit_page" time="0.696" classname="com.Greenproject.TestRunner_Class"/>
  <system-out/>
</testsuite> <!-- com.Greenproject.TestRunner_Class -->
