<?xml version="1.0" encoding="UTF-8"?>
<!-- Generated by org.testng.reporters.JUnitReportReporter -->
<testsuite skipped="0" hostname="DESKTOP-KKG1Q8F" name="com.testng.Simple_Annotations" tests="3" failures="0" timestamp="2021-11-27T04:47:25 PST" time="0.016" errors="0">
  <testcase name="T_Shirts" time="0.000" classname="com.testng.Simple_Annotations"/>
  <system-out/>
  <testcase name="Dresses" time="0.016" classname="com.testng.Simple_Annotations"/>
  <system-out/>
  <testcase name="women" time="0.000" classname="com.testng.Simple_Annotations"/>
  <system-out/>
</testsuite> <!-- com.testng.Simple_Annotations -->
